<?xml version="1.0" encoding="UTF-8"?>
<testng-results skipped="0" failed="0" total="4" passed="4">
  <reporter-output>
  </reporter-output>
  <suite name="Default suite" duration-ms="22699" started-at="2014-03-16T21:12:24Z" finished-at="2014-03-16T21:12:46Z">
    <groups>
    </groups>
    <test name="Default test" duration-ms="22699" started-at="2014-03-16T21:12:24Z" finished-at="2014-03-16T21:12:46Z">
      <class name="com.example.tests.GroupCreationTests">
        <test-method status="PASS" signature="setUp()[pri:0, instance:com.example.tests.GroupCreationTests@4657104d]" name="setUp" is-config="true" duration-ms="15094" started-at="2014-03-17T01:12:24Z" finished-at="2014-03-17T01:12:39Z">
          <reporter-output>
          </reporter-output>
        </test-method> <!-- setUp -->
        <test-method status="PASS" signature="testEmptyGroupCreation()[pri:0, instance:com.example.tests.GroupCreationTests@4657104d]" name="testEmptyGroupCreation" duration-ms="1500" started-at="2014-03-17T01:12:39Z" finished-at="2014-03-17T01:12:40Z">
          <reporter-output>
          </reporter-output>
        </test-method> <!-- testEmptyGroupCreation -->
        <test-method status="PASS" signature="testNonEmptyGroupCreation()[pri:0, instance:com.example.tests.GroupCreationTests@4657104d]" name="testNonEmptyGroupCreation" duration-ms="1353" started-at="2014-03-17T01:12:40Z" finished-at="2014-03-17T01:12:41Z">
          <reporter-output>
          </reporter-output>
        </test-method> <!-- testNonEmptyGroupCreation -->
        <test-method status="PASS" signature="tearDown()[pri:0, instance:com.example.tests.GroupCreationTests@4657104d]" name="tearDown" is-config="true" duration-ms="190" started-at="2014-03-17T01:12:46Z" finished-at="2014-03-17T01:12:46Z">
          <reporter-output>
          </reporter-output>
        </test-method> <!-- tearDown -->
      </class> <!-- com.example.tests.GroupCreationTests -->
      <class name="com.example.tests.AddressBookCreationTests">
        <test-method status="PASS" signature="testEmptyAddressBookCreation()[pri:0, instance:com.example.tests.AddressBookCreationTests@3927ce5e]" name="testEmptyAddressBookCreation" duration-ms="2005" started-at="2014-03-17T01:12:41Z" finished-at="2014-03-17T01:12:43Z">
          <reporter-output>
          </reporter-output>
        </test-method> <!-- testEmptyAddressBookCreation -->
        <test-method status="PASS" signature="testNonEmptyAddressBookCreation()[pri:0, instance:com.example.tests.AddressBookCreationTests@3927ce5e]" name="testNonEmptyAddressBookCreation" duration-ms="2544" started-at="2014-03-17T01:12:43Z" finished-at="2014-03-17T01:12:46Z">
          <reporter-output>
          </reporter-output>
        </test-method> <!-- testNonEmptyAddressBookCreation -->
      </class> <!-- com.example.tests.AddressBookCreationTests -->
    </test> <!-- Default test -->
  </suite> <!-- Default suite -->
</testng-results>
