<?xml version="1.0" encoding="UTF-8"?>
<!-- Generated by org.testng.reporters.JUnitXMLReporter -->
<testsuite hostname="Dgarvis" name="Default test" tests="4" failures="0" timestamp="16 Mar 2014 21:12:46 GMT" time="22.699" errors="0">
  <testcase name="testEmptyGroupCreation" time="1.5" classname="com.example.tests.GroupCreationTests"/>
  <testcase name="testNonEmptyGroupCreation" time="1.353" classname="com.example.tests.GroupCreationTests"/>
  <testcase name="testEmptyAddressBookCreation" time="2.005" classname="com.example.tests.AddressBookCreationTests"/>
  <testcase name="testNonEmptyAddressBookCreation" time="2.544" classname="com.example.tests.AddressBookCreationTests"/>
</testsuite> <!-- Default test -->
